tokamak@tokamak-server-dev:~$ sudo apt-get update
[sudo] password for tokamak:
Hit:1 https://download.docker.com/linux/ubuntu noble InRelease
Hit:2 https://brave-browser-apt-release.s3.brave.com stable InRelease
Hit:3 https://apt.packages.shiftkey.dev/ubuntu any InRelease
Get:4 http://security.ubuntu.com/ubuntu noble-security InRelease [126 kB]
Hit:5 http://archive.ubuntu.com/ubuntu noble InRelease
Get:6 http://archive.ubuntu.com/ubuntu noble-updates InRelease [126 kB]
Hit:7 https://ppa.launchpadcontent.net/deadsnakes/ppa/ubuntu noble InRelease
Get:8 http://security.ubuntu.com/ubuntu noble-security/main amd64 Components [21.5 kB]
Get:9 http://security.ubuntu.com/ubuntu noble-security/restricted amd64 Components [212 B]
Get:10 http://security.ubuntu.com/ubuntu noble-security/universe amd64 Components [52.3 kB]
Get:11 http://security.ubuntu.com/ubuntu noble-security/multiverse amd64 Components [212 B]
Get:12 http://archive.ubuntu.com/ubuntu noble-backports InRelease [126 kB]
Get:13 http://archive.ubuntu.com/ubuntu noble-updates/main i386 Packages [466 kB]
Get:14 http://archive.ubuntu.com/ubuntu noble-updates/main amd64 Packages [1,067 kB]
Get:15 http://archive.ubuntu.com/ubuntu noble-updates/main amd64 Components [161 kB]
Get:16 http://archive.ubuntu.com/ubuntu noble-updates/restricted amd64 Components [212 B]
Get:17 http://archive.ubuntu.com/ubuntu noble-updates/universe i386 Packages [642 kB]
Get:18 http://archive.ubuntu.com/ubuntu noble-updates/universe amd64 Packages [1,063 kB]
Get:19 http://archive.ubuntu.com/ubuntu noble-updates/universe amd64 Components [376 kB]
Get:20 http://archive.ubuntu.com/ubuntu noble-updates/multiverse amd64 Components [940 B]
Get:21 http://archive.ubuntu.com/ubuntu noble-backports/main amd64 Components [7,076 B]
Get:22 http://archive.ubuntu.com/ubuntu noble-backports/restricted amd64 Components [212 B]
Get:23 http://archive.ubuntu.com/ubuntu noble-backports/universe amd64 Components [16.4 kB]
Get:24 http://archive.ubuntu.com/ubuntu noble-backports/multiverse amd64 Components [212 B]
Fetched 4,252 kB in 5s (802 kB/s)
Reading package lists... Done
tokamak@tokamak-server-dev:~$ sudo apt-get install gfortran
Reading package lists... Done
Building dependency tree... Done
Reading state information... Done
The following additional packages will be installed:
  gfortran-13 gfortran-13-x86-64-linux-gnu gfortran-x86-64-linux-gnu
  libgfortran-13-dev
Suggested packages:
  gfortran-multilib gfortran-doc gfortran-13-multilib gfortran-13-doc
  libcoarrays-dev
The following NEW packages will be installed:
  gfortran gfortran-13 gfortran-13-x86-64-linux-gnu gfortran-x86-64-linux-gnu
  libgfortran-13-dev
0 to upgrade, 5 to newly install, 0 to remove and 9 not to upgrade.
Need to get 12.4 MB of archives.
After this operation, 38.8 MB of additional disk space will be used.
Do you want to continue? [Y/n] y
Get:1 http://archive.ubuntu.com/ubuntu noble-updates/main amd64 libgfortran-13-dev amd64 13.3.0-6ubuntu2~24.04 [928 kB]
Get:2 http://archive.ubuntu.com/ubuntu noble-updates/main amd64 gfortran-13-x86-64-linux-gnu amd64 13.3.0-6ubuntu2~24.04 [11.4 MB]
Get:3 http://archive.ubuntu.com/ubuntu noble-updates/main amd64 gfortran-13 amd64 13.3.0-6ubuntu2~24.04 [13.9 kB]
Get:4 http://archive.ubuntu.com/ubuntu noble/main amd64 gfortran-x86-64-linux-gnu amd64 4:13.2.0-7ubuntu1 [1,024 B]
Get:5 http://archive.ubuntu.com/ubuntu noble/main amd64 gfortran amd64 4:13.2.0-7ubuntu1 [1,176 B]
Fetched 12.4 MB in 7s (1,741 kB/s)
Selecting previously unselected package libgfortran-13-dev:amd64.
(Reading database ... 263957 files and directories currently installed.)
Preparing to unpack .../libgfortran-13-dev_13.3.0-6ubuntu2~24.04_amd64.deb ...
Unpacking libgfortran-13-dev:amd64 (13.3.0-6ubuntu2~24.04) ...
Selecting previously unselected package gfortran-13-x86-64-linux-gnu.
Preparing to unpack .../gfortran-13-x86-64-linux-gnu_13.3.0-6ubuntu2~24.04_amd64.deb ...
Unpacking gfortran-13-x86-64-linux-gnu (13.3.0-6ubuntu2~24.04) ...
Selecting previously unselected package gfortran-13.
Preparing to unpack .../gfortran-13_13.3.0-6ubuntu2~24.04_amd64.deb ...
Unpacking gfortran-13 (13.3.0-6ubuntu2~24.04) ...
Selecting previously unselected package gfortran-x86-64-linux-gnu.
Preparing to unpack .../gfortran-x86-64-linux-gnu_4%3a13.2.0-7ubuntu1_amd64.deb ...
Unpacking gfortran-x86-64-linux-gnu (4:13.2.0-7ubuntu1) ...
Selecting previously unselected package gfortran.
Preparing to unpack .../gfortran_4%3a13.2.0-7ubuntu1_amd64.deb ...
Unpacking gfortran (4:13.2.0-7ubuntu1) ...
Setting up libgfortran-13-dev:amd64 (13.3.0-6ubuntu2~24.04) ...
Setting up gfortran-13-x86-64-linux-gnu (13.3.0-6ubuntu2~24.04) ...
Setting up gfortran-13 (13.3.0-6ubuntu2~24.04) ...
Setting up gfortran-x86-64-linux-gnu (4:13.2.0-7ubuntu1) ...
Setting up gfortran (4:13.2.0-7ubuntu1) ...
update-alternatives: using /usr/bin/gfortran to provide /usr/bin/f95 (f95) in auto mode
update-alternatives: warning: skip creation of /usr/share/man/man1/f95.1.gz because associated file /usr/share/man/man1/gfortran.1.gz (of link group f95) doesn't exist
update-alternatives: using /usr/bin/gfortran to provide /usr/bin/f77 (f77) in auto mode
update-alternatives: warning: skip creation of /usr/share/man/man1/f77.1.gz because associated file /usr/share/man/man1/gfortran.1.gz (of link group f77) doesn't exist
Processing triggers for man-db (2.12.0-4build2) ...
Processing triggers for ccache (4.9.1-1) ...
Updating symlinks in /usr/lib/ccache ...
tokamak@tokamak-server-dev:~$ gfortran --version
GNU Fortran (Ubuntu 13.3.0-6ubuntu2~24.04) 13.3.0
Copyright (C) 2023 Free Software Foundation, Inc.
This is free software; see the source for copying conditions.  There is NO
warranty; not even for MERCHANTABILITY or FITNESS FOR A PARTICULAR PURPOSE.

tokamak@tokamak-server-dev:~$ sudo apt-get install build-essential
Reading package lists... Done
Building dependency tree... Done
Reading state information... Done
build-essential is already the newest version (12.10ubuntu1).
0 to upgrade, 0 to newly install, 0 to remove and 9 not to upgrade.
tokamak@tokamak-server-dev:~$
